<?xml version="1.0" encoding="UTF-8"?>
<testng-results skipped="0" failed="0" ignored="0" total="1" passed="1">
  <reporter-output>
  </reporter-output>
  <suite name="Default suite" duration-ms="20101" started-at="2018-05-12T06:14:14Z" finished-at="2018-05-12T06:14:34Z">
    <groups>
    </groups>
    <test name="Default test" duration-ms="20101" started-at="2018-05-12T06:14:14Z" finished-at="2018-05-12T06:14:34Z">
      <class name="testcases.RunTestOnGrid2">
        <test-method status="PASS" signature="test1()[pri:0, instance:testcases.RunTestOnGrid2@ae45eb6]" name="test1" duration-ms="20046" started-at="2018-05-12T11:44:14Z" finished-at="2018-05-12T11:44:34Z">
          <reporter-output>
          </reporter-output>
        </test-method> <!-- test1 -->
      </class> <!-- testcases.RunTestOnGrid2 -->
    </test> <!-- Default test -->
  </suite> <!-- Default suite -->
</testng-results>
