<?xml version="1.0" encoding="UTF-8"?>
<!-- Generated by org.testng.reporters.JUnitXMLReporter -->
<testsuite hostname="Chandani" ignored="0" name="Parallel" tests="3" failures="0" timestamp="22 Apr 2018 03:56:07 GMT" time="0.076" errors="0">
  <testcase name="test3" time="0.019" classname="class13.ParallelExecutionDemo3"/>
  <testcase name="test1" time="0.019" classname="class13.ParallelExecutionDemo"/>
  <testcase name="test2" time="0.019" classname="class13.ParallelExecutionDemo2"/>
</testsuite> <!-- Parallel -->
